make all --print-data-base --no-builtin-variables --no-builtin-rules --question
# GNU Make 4.3
# Built for aarch64-unknown-linux-gnu
# Copyright (C) 1988-2020 Free Software Foundation, Inc.
# License GPLv3+: GNU GPL version 3 or later <http://gnu.org/licenses/gpl.html>
# This is free software: you are free to change and redistribute it.
# There is NO WARRANTY, to the extent permitted by law.

# Make data base, printed on Sat Jul  2 18:01:55 2022

# Variables

# environment
LC_ALL = C
# environment
NO_AT_BRIDGE = 1
# environment
VSCODE_CWD = /home/fredy
# environment
TEXTDOMAIN = Linux-PAM
# default
MAKE_COMMAND := make
# environment
VSCODE_HANDLES_SIGPIPE = true
# automatic
@D = $(patsubst %/,%,$(dir $@))
# environment
VSCODE_HANDLES_UNCAUGHT_ERRORS = true
# default
.VARIABLES := 
# environment
PWD = /home/fredy/projects/vga-003
# automatic
%D = $(patsubst %/,%,$(dir $%))
# automatic
^D = $(patsubst %/,%,$(dir $^))
# environment
VSCODE_LOG_STACK = false
# automatic
%F = $(notdir $%)
# environment
LANG = C
# default
.LOADED := 
# default
.INCLUDE_DIRS = /usr/local/include /usr/include /usr/include
# makefile
MAKEFLAGS = pqrR
# makefile
CURDIR := /home/fredy/projects/vga-003
# environment
VSCODE_PIPE_LOGGING = true
# environment
APPLICATION_INSIGHTS_NO_DIAGNOSTIC_CHANNEL = true
# automatic
*D = $(patsubst %/,%,$(dir $*))
# environment
MFLAGS = -pqrR
# default
.SHELLFLAGS := -c
# automatic
+D = $(patsubst %/,%,$(dir $+))
# makefile (from 'Makefile', line 1)
MAKEFILE_LIST := Makefile
# automatic
@F = $(notdir $@)
# environment
VSCODE_VERBOSE_LOGGING = true
# environment
XDG_SESSION_TYPE = tty
# automatic
?D = $(patsubst %/,%,$(dir $?))
# automatic
*F = $(notdir $*)
# environment
DBUS_SESSION_BUS_ADDRESS = unix:path=/run/user/1000/bus
# automatic
<D = $(patsubst %/,%,$(dir $<))
# environment
VSCODE_NLS_CONFIG = {"locale":"en","availableLanguages":{}}
# default
MAKE_HOST := aarch64-unknown-linux-gnu
# makefile
SHELL = /bin/sh
# default
MAKECMDGOALS := all
# environment
SHLVL = 0
# environment
MAKELEVEL := 0
# default
MAKE = $(MAKE_COMMAND)
# environment
PATH = /home/fredy/.vscode-server/bin/30d9c6cd9483b2cc586687151bcbcd635f373630/bin/remote-cli:/home/fredy/.local/bin:/opt/bin:/usr/local/sbin:/usr/local/bin:/usr/sbin:/usr/bin:/sbin:/bin:/usr/local/games:/usr/games
# default
MAKEFILES := 
# environment
LANGUAGE = en_IE.UTF-8
# environment
MOTD_SHOWN = pam
# automatic
^F = $(notdir $^)
# environment
SSH_CLIENT = 192.168.0.50 55973 22
# environment
VSCODE_LOG_NATIVE = false
# automatic
?F = $(notdir $?)
# environment
LS_COLORS = 
# automatic
+F = $(notdir $+)
# 'override' directive
GNUMAKEFLAGS := 
# environment
BROWSER = /home/fredy/.vscode-server/bin/30d9c6cd9483b2cc586687151bcbcd635f373630/bin/helpers/browser.sh
# environment
LOGNAME = fredy
# makefile
.DEFAULT_GOAL := all
# environment
USER = fredy
# default
MAKE_VERSION := 4.3
# environment
VSCODE_EXTHOST_WILL_SEND_SOCKET = true
# environment
VSCODE_AGENT_FOLDER = /home/fredy/.vscode-server
# environment
_ = /home/fredy/.vscode-server/bin/30d9c6cd9483b2cc586687151bcbcd635f373630/node
# environment
XDG_RUNTIME_DIR = /run/user/1000
# environment
VSCODE_IPC_HOOK_CLI = /run/user/1000/vscode-ipc-f6fb0680-0a05-41a8-a41d-5721bf6408d8.sock
# environment
XDG_SESSION_CLASS = user
# environment
VSCODE_AMD_ENTRYPOINT = vs/workbench/api/node/extensionHostProcess
# environment
HOME = /home/fredy
# environment
XDG_SESSION_ID = 6
# default
.RECIPEPREFIX := 
# automatic
<F = $(notdir $<)
# default
SUFFIXES := 
# default
.FEATURES := target-specific order-only second-expansion else-if shortest-stem undefine oneshell nocomment grouped-target extra-prereqs archives jobserver output-sync check-symlink load
# environment
SSH_CONNECTION = 192.168.0.50 55973 192.168.0.4 22
# variable set hash-table stats:
# Load=70/1024=7%, Rehash=0, Collisions=2/103=2%

# Pattern-specific Variable Values

# No pattern-specific variable values.

# Directories

 
# . (device 45826, inode 3510316): 16 files, no impossibilities.

# 16 files, no impossibilities in 1 directories.

# Implicit Rules

# No implicit rules.

# Files

pll: pll.v
#  Implicit rule search has not been done.
#  Modification time never checked.
#  File has not been updated.

# Not a target:
blinky.v:
#  Implicit rule search has been done.
#  Last modified 2022-07-02 18:00:41.72182927
#  File has been updated.
#  Successfully updated.

prog: build/icezero.bin
#  Phony target (prerequisite of .PHONY).
#  Implicit rule search has not been done.
#  File does not exist.
#  File has not been updated.
#  recipe to execute (from 'Makefile', line 5):
	icezprog build/icezero.bin

# Not a target:
icezero.pcf:
#  Implicit rule search has not been done.
#  Modification time never checked.
#  File has not been updated.

# Not a target:
Makefile:
#  Implicit rule search has been done.
#  Last modified 2022-07-02 15:36:17.263720705
#  File has been updated.
#  Successfully updated.

# Not a target:
top.v:
#  Implicit rule search has been done.
#  Last modified 2022-07-02 17:57:00.312550402
#  File has been updated.
#  Successfully updated.

pll.v:
#  Implicit rule search has not been done.
#  Last modified 2022-07-02 16:16:53.153906004
#  File has been updated.
#  Successfully updated.
#  recipe to execute (from 'Makefile', line 13):
	icepll -i 100M -o 40M -m -p -f pll.v

clean:
#  Phony target (prerequisite of .PHONY).
#  Implicit rule search has not been done.
#  File does not exist.
#  File has not been updated.
#  recipe to execute (from 'Makefile', line 27):
	rm -f build/icezero.blif build/icezero.asc build/icezero.bin
	rm -f pll.v

# Not a target:
reset.v:
#  Implicit rule search has been done.
#  Last modified 2022-07-02 15:31:16.328460286
#  File has been updated.
#  Successfully updated.

reset:
#  Phony target (prerequisite of .PHONY).
#  Implicit rule search has not been done.
#  File does not exist.
#  File has not been updated.
#  recipe to execute (from 'Makefile', line 8):
	icezprog .

# Not a target:
.DEFAULT:
#  Implicit rule search has not been done.
#  Modification time never checked.
#  File has not been updated.

build/icezero.bin: build/icezero.asc
#  Implicit rule search has not been done.
#  Last modified 2022-07-02 17:58:33.603326061
#  File has been updated.
#  Needs to be updated (-q is set).
# variable set hash-table stats:
# Load=0/32=0%, Rehash=0, Collisions=0/3=0%
#  recipe to execute (from 'Makefile', line 23):
	icetime -d hx8k -c 50 build/icezero.asc
	icepack build/icezero.asc build/icezero.bin

build/icezero.asc: build/icezero.blif icezero.pcf
#  Implicit rule search has not been done.
#  Last modified 2022-07-02 17:58:29.451380551
#  File has been updated.
#  Needs to be updated (-q is set).
# variable set hash-table stats:
# Load=0/32=0%, Rehash=0, Collisions=0/3=0%
#  recipe to execute (from 'Makefile', line 20):
	arachne-pnr -d 8k -P tq144:4k -p icezero.pcf -o build/icezero.asc build/icezero.blif | tee log/pnr.txt

all: build/icezero.bin
#  Phony target (prerequisite of .PHONY).
#  Command line target.
#  Implicit rule search has not been done.
#  File does not exist.
#  File has been updated.
#  Needs to be updated (-q is set).
# variable set hash-table stats:
# Load=0/32=0%, Rehash=0, Collisions=0/3=0%

build/icezero.blif: top.v pll.v blinky.v vga_sync.v reset.v
#  Implicit rule search has not been done.
#  Implicit/static pattern stem: ''
#  Last modified 2022-07-02 17:58:24.719442653
#  File has been updated.
#  Needs to be updated (-q is set).
# automatic
# @ := build/icezero.blif
# automatic
# * := 
# automatic
# < := top.v
# automatic
# + := top.v pll.v blinky.v vga_sync.v reset.v
# automatic
# % := 
# automatic
# ^ := top.v pll.v blinky.v vga_sync.v reset.v
# automatic
# ? := blinky.v
# automatic
# | := 
# variable set hash-table stats:
# Load=8/32=25%, Rehash=0, Collisions=1/11=9%
#  recipe to execute (from 'Makefile', line 16):
	yosys -p 'synth_ice40 -top top -blif build/icezero.blif' top.v  | tee log/synth.txt

# Not a target:
.SUFFIXES:
#  Implicit rule search has not been done.
#  Modification time never checked.
#  File has not been updated.

.PHONY: all prog reset clean
#  Implicit rule search has not been done.
#  Modification time never checked.
#  File has not been updated.

# Not a target:
vga_sync.v:
#  Implicit rule search has been done.
#  Last modified 2022-07-02 17:53:09.487579643
#  File has been updated.
#  Successfully updated.

# files hash-table stats:
# Load=18/1024=2%, Rehash=0, Collisions=0/47=0%
# VPATH Search Paths

# No 'vpath' search paths.

# No general ('VPATH' variable) search path.

# strcache buffers: 1 (0) / strings = 29 / storage = 269 B / avg = 9 B
# current buf: size = 8162 B / used = 269 B / count = 29 / avg = 9 B

# strcache performance: lookups = 61 / hit rate = 52%
# hash-table stats:
# Load=29/8192=0%, Rehash=0, Collisions=0/61=0%
# Finished Make data base on Sat Jul  2 18:01:55 2022

 
